2026-05-04T22:23:39.575+0200 [DEBUG] turborepo_lib::commands::run: Verbose tracing redirected to /Users/timglabisch/proj/rust/wasmdb/.turbo/debug-logs/turbo-20260504-222339.log
2026-05-04T22:23:39.575+0200 [DEBUG] turborepo_process: spawning children with pty: false
2026-05-04T22:23:39.576+0200 [DEBUG] turborepo_repository::discovery: discovering packages using caching strategy
2026-05-04T22:23:39.576+0200 [DEBUG] turborepo_repository::discovery: discovering packages using primary strategy
2026-05-04T22:23:39.576+0200 [DEBUG] turborepo_repository::discovery: discovering packages using local strategy
2026-05-04T22:23:39.577+0200 [DEBUG] turborepo_repository::discovery: discovering packages using caching strategy
2026-05-04T22:23:39.577+0200 [DEBUG] turborepo_repository::discovery: discovering packages using caching strategy
2026-05-04T22:23:39.578+0200 [DEBUG] turborepo_repository::discovery: discovering packages using caching strategy
2026-05-04T22:23:39.578+0200 [DEBUG] turborepo_lib::microfrontends: MicrofrontendsConfigs::from_disk - loading configurations
2026-05-04T22:23:39.578+0200 [DEBUG] turborepo_lib::microfrontends: from_disk - any package has @vercel/microfrontends dep: false
2026-05-04T22:23:39.578+0200 [DEBUG] turborepo_lib::microfrontends: from_disk - package: @wasmdb/debug-toolbar, has @vercel/microfrontends dep: false
2026-05-04T22:23:39.578+0200 [DEBUG] turborepo_lib::microfrontends: from_disk - package: invoice-demo-wasm, has @vercel/microfrontends dep: false
2026-05-04T22:23:39.578+0200 [DEBUG] turborepo_lib::microfrontends: from_disk - package: @wasmdb/client, has @vercel/microfrontends dep: false
2026-05-04T22:23:39.578+0200 [DEBUG] turborepo_lib::microfrontends: from_disk - package: //, has @vercel/microfrontends dep: false
2026-05-04T22:23:39.578+0200 [DEBUG] turborepo_lib::microfrontends: from_disk - package: invoice-demo-ui, has @vercel/microfrontends dep: false
2026-05-04T22:23:39.578+0200 [DEBUG] turborepo_lib::microfrontends: from_disk - package: sync-demo-wasm, has @vercel/microfrontends dep: false
2026-05-04T22:23:39.578+0200 [DEBUG] turborepo_lib::microfrontends: from_disk - package: invoice-demo-generated, has @vercel/microfrontends dep: false
2026-05-04T22:23:39.578+0200 [DEBUG] turborepo_lib::microfrontends: from_disk - package: invoice-demo-frontend, has @vercel/microfrontends dep: false
2026-05-04T22:23:39.578+0200 [DEBUG] turborepo_lib::microfrontends: from_disk - package: sync-demo-frontend, has @vercel/microfrontends dep: false
2026-05-04T22:23:39.578+0200 [DEBUG] turborepo_lib::microfrontends: from_disk - loaded 9 package configs
2026-05-04T22:23:39.578+0200 [DEBUG] turborepo_lib::microfrontends: from_configs - processing configurations
2026-05-04T22:23:39.578+0200 [DEBUG] turborepo_lib::microfrontends: from_configs - result: 0 configs, mfe_package=None, has_mfe_dependency=false
2026-05-04T22:23:39.578+0200 [DEBUG] turborepo_lib::microfrontends: from_configs - no configs found, returning None
2026-05-04T22:23:39.578+0200 [DEBUG] turborepo_cache::multiplexer: CacheMultiplexer::new creating FSCache with cache_dir=.turbo/cache, repo_root=/Users/timglabisch/proj/rust/wasmdb
2026-05-04T22:23:39.578+0200 [DEBUG] turborepo_cache::fs: FSCache::new called with cache_dir=.turbo/cache, repo_root=/Users/timglabisch/proj/rust/wasmdb
2026-05-04T22:23:39.578+0200 [DEBUG] turborepo_cache::fs: FSCache resolved cache_directory=/Users/timglabisch/proj/rust/wasmdb/.turbo/cache
2026-05-04T22:23:39.579+0200 [DEBUG] turborepo_telemetry: failed to record cache usage telemetry. error: Error making HTTP request: error sending request for url (https://telemetry.vercel.com/api/turborepo/v1/events)
2026-05-04T22:23:39.579+0200 [DEBUG] turborepo_scm::repo_index: built tracked repo git index (gix-index): clean_count=413, status_count=51
2026-05-04T22:23:39.579+0200 [DEBUG] turborepo_scm: tracked repo git index built eagerly
2026-05-04T22:23:39.580+0200 [DEBUG] log: built glob set; 0 literals, 3 basenames, 0 extensions, 0 prefixes, 0 suffixes, 0 required extensions, 0 regexes
2026-05-04T22:23:39.580+0200 [DEBUG] log: glob converted to regex: Glob { glob: "examples/*/frontend/dist", re: "(?-u)^examples/[^/]*/frontend/dist$", opts: GlobOptions { case_insensitive: false, literal_separator: true, backslash_escape: true, empty_alternates: false }, tokens: Tokens([Literal('e'), Literal('x'), Literal('a'), Literal('m'), Literal('p'), Literal('l'), Literal('e'), Literal('s'), Literal('/'), ZeroOrMore, Literal('/'), Literal('f'), Literal('r'), Literal('o'), Literal('n'), Literal('t'), Literal('e'), Literal('n'), Literal('d'), Literal('/'), Literal('d'), Literal('i'), Literal('s'), Literal('t')]) }
2026-05-04T22:23:39.580+0200 [DEBUG] log: glob converted to regex: Glob { glob: "examples/*/frontend/*/dist", re: "(?-u)^examples/[^/]*/frontend/[^/]*/dist$", opts: GlobOptions { case_insensitive: false, literal_separator: true, backslash_escape: true, empty_alternates: false }, tokens: Tokens([Literal('e'), Literal('x'), Literal('a'), Literal('m'), Literal('p'), Literal('l'), Literal('e'), Literal('s'), Literal('/'), ZeroOrMore, Literal('/'), Literal('f'), Literal('r'), Literal('o'), Literal('n'), Literal('t'), Literal('e'), Literal('n'), Literal('d'), Literal('/'), ZeroOrMore, Literal('/'), Literal('d'), Literal('i'), Literal('s'), Literal('t')]) }
2026-05-04T22:23:39.580+0200 [DEBUG] log: glob converted to regex: Glob { glob: "examples/*/frontend/apps/*/dist", re: "(?-u)^examples/[^/]*/frontend/apps/[^/]*/dist$", opts: GlobOptions { case_insensitive: false, literal_separator: true, backslash_escape: true, empty_alternates: false }, tokens: Tokens([Literal('e'), Literal('x'), Literal('a'), Literal('m'), Literal('p'), Literal('l'), Literal('e'), Literal('s'), Literal('/'), ZeroOrMore, Literal('/'), Literal('f'), Literal('r'), Literal('o'), Literal('n'), Literal('t'), Literal('e'), Literal('n'), Literal('d'), Literal('/'), Literal('a'), Literal('p'), Literal('p'), Literal('s'), Literal('/'), ZeroOrMore, Literal('/'), Literal('d'), Literal('i'), Literal('s'), Literal('t')]) }
2026-05-04T22:23:39.580+0200 [DEBUG] log: glob converted to regex: Glob { glob: "examples/*/wasm/pkg/*", re: "(?-u)^examples/[^/]*/wasm/pkg/[^/]*$", opts: GlobOptions { case_insensitive: false, literal_separator: true, backslash_escape: true, empty_alternates: false }, tokens: Tokens([Literal('e'), Literal('x'), Literal('a'), Literal('m'), Literal('p'), Literal('l'), Literal('e'), Literal('s'), Literal('/'), ZeroOrMore, Literal('/'), Literal('w'), Literal('a'), Literal('s'), Literal('m'), Literal('/'), Literal('p'), Literal('k'), Literal('g'), Literal('/'), ZeroOrMore]) }
2026-05-04T22:23:39.580+0200 [DEBUG] log: glob converted to regex: Glob { glob: "examples/*/frontend/wasm/pkg/*", re: "(?-u)^examples/[^/]*/frontend/wasm/pkg/[^/]*$", opts: GlobOptions { case_insensitive: false, literal_separator: true, backslash_escape: true, empty_alternates: false }, tokens: Tokens([Literal('e'), Literal('x'), Literal('a'), Literal('m'), Literal('p'), Literal('l'), Literal('e'), Literal('s'), Literal('/'), ZeroOrMore, Literal('/'), Literal('f'), Literal('r'), Literal('o'), Literal('n'), Literal('t'), Literal('e'), Literal('n'), Literal('d'), Literal('/'), Literal('w'), Literal('a'), Literal('s'), Literal('m'), Literal('/'), Literal('p'), Literal('k'), Literal('g'), Literal('/'), ZeroOrMore]) }
2026-05-04T22:23:39.580+0200 [DEBUG] log: glob converted to regex: Glob { glob: "examples/*/frontend/apps/wasm/pkg/*", re: "(?-u)^examples/[^/]*/frontend/apps/wasm/pkg/[^/]*$", opts: GlobOptions { case_insensitive: false, literal_separator: true, backslash_escape: true, empty_alternates: false }, tokens: Tokens([Literal('e'), Literal('x'), Literal('a'), Literal('m'), Literal('p'), Literal('l'), Literal('e'), Literal('s'), Literal('/'), ZeroOrMore, Literal('/'), Literal('f'), Literal('r'), Literal('o'), Literal('n'), Literal('t'), Literal('e'), Literal('n'), Literal('d'), Literal('/'), Literal('a'), Literal('p'), Literal('p'), Literal('s'), Literal('/'), Literal('w'), Literal('a'), Literal('s'), Literal('m'), Literal('/'), Literal('p'), Literal('k'), Literal('g'), Literal('/'), ZeroOrMore]) }
